C:\USERS\KEITH\DOCUMENTS\VISUAL STUDIO 2010\PROJECTS\ESPNDLL\DEBUG\ESPNDLL.DLL
C:\Users\Keith\Documents\Visual Studio 2010\Projects\ESPNDll\Debug\ESPNDll.exp
C:\USERS\KEITH\DOCUMENTS\VISUAL STUDIO 2010\PROJECTS\ESPNDLL\DEBUG\ESPNDLL.ILK
C:\Users\Keith\Documents\Visual Studio 2010\Projects\ESPNDll\Debug\ESPNDll.lib
C:\USERS\KEITH\DOCUMENTS\VISUAL STUDIO 2010\PROJECTS\ESPNDLL\DEBUG\ESPNDLL.PDB
C:\USERS\KEITH\DOCUMENTS\VISUAL STUDIO 2010\PROJECTS\ESPNDLL\ESPNDLL\DEBUG\.NETFRAMEWORK,VERSION=V4.0.ASSEMBLYATTRIBUTES.OBJ
C:\Users\Keith\Documents\Visual Studio 2010\Projects\ESPNDll\ESPNDll\Debug\cl.command.1.tlog
C:\Users\Keith\Documents\Visual Studio 2010\Projects\ESPNDll\ESPNDll\Debug\CL.read.1.tlog
C:\Users\Keith\Documents\Visual Studio 2010\Projects\ESPNDll\ESPNDll\Debug\CL.write.1.tlog
C:\USERS\KEITH\DOCUMENTS\VISUAL STUDIO 2010\PROJECTS\ESPNDLL\ESPNDLL\DEBUG\DLLMAIN.OBJ
C:\USERS\KEITH\DOCUMENTS\VISUAL STUDIO 2010\PROJECTS\ESPNDLL\ESPNDLL\DEBUG\ESPNDLL.DLL.INTERMEDIATE.MANIFEST
C:\USERS\KEITH\DOCUMENTS\VISUAL STUDIO 2010\PROJECTS\ESPNDLL\ESPNDLL\DEBUG\ESPNDLL.OBJ
C:\USERS\KEITH\DOCUMENTS\VISUAL STUDIO 2010\PROJECTS\ESPNDLL\ESPNDLL\DEBUG\ESPNDLL.PCH
C:\Users\Keith\Documents\Visual Studio 2010\Projects\ESPNDll\ESPNDll\Debug\ESPNDll.write.1.tlog
C:\Users\Keith\Documents\Visual Studio 2010\Projects\ESPNDll\ESPNDll\Debug\link.6028.read.1.tlog
C:\Users\Keith\Documents\Visual Studio 2010\Projects\ESPNDll\ESPNDll\Debug\link.6028.write.1.tlog
C:\Users\Keith\Documents\Visual Studio 2010\Projects\ESPNDll\ESPNDll\Debug\link.command.1.tlog
C:\Users\Keith\Documents\Visual Studio 2010\Projects\ESPNDll\ESPNDll\Debug\link.read.1.tlog
C:\Users\Keith\Documents\Visual Studio 2010\Projects\ESPNDll\ESPNDll\Debug\link.write.1.tlog
C:\Users\Keith\Documents\Visual Studio 2010\Projects\ESPNDll\ESPNDll\Debug\metagen.read.1.tlog
C:\Users\Keith\Documents\Visual Studio 2010\Projects\ESPNDll\ESPNDll\Debug\metagen.write.1.tlog
C:\Users\Keith\Documents\Visual Studio 2010\Projects\ESPNDll\ESPNDll\Debug\mt.command.1.tlog
C:\Users\Keith\Documents\Visual Studio 2010\Projects\ESPNDll\ESPNDll\Debug\mt.read.1.tlog
C:\Users\Keith\Documents\Visual Studio 2010\Projects\ESPNDll\ESPNDll\Debug\mt.write.1.tlog
C:\Users\Keith\Documents\Visual Studio 2010\Projects\ESPNDll\ESPNDll\Debug\RSAENH.DLL.bi
C:\USERS\KEITH\DOCUMENTS\VISUAL STUDIO 2010\PROJECTS\ESPNDLL\ESPNDLL\DEBUG\STDAFX.OBJ
C:\Users\Keith\Documents\Visual Studio 2010\Projects\ESPNDll\ESPNDll\Debug\TZRES.DLL.bi
C:\USERS\KEITH\DOCUMENTS\VISUAL STUDIO 2010\PROJECTS\ESPNDLL\ESPNDLL\DEBUG\VC100.PDB
